Arguments: 
  /Users/moon/.nvm/versions/node/v4.4.7/bin/node /Users/moon/.nvm/versions/node/v4.4.7/bin/yarn

PATH: 
  /opt/local/bin:/opt/local/sbin:/Users/moon/.nvm/versions/node/v4.4.7/bin:/usr/local/bin:/usr/bin:/bin:/usr/sbin:/sbin

Yarn version: 
  0.16.1

Node version: 
  4.4.7

Platform: 
  darwin x64

npm manifest: 
  {
    "name": "server",
    "version": "0.0.0",
    "private": true,
    "scripts": {
      "start": "node ./bin/www"
    },
    "dependencies": {
      "async": "^1.3.0",
      "body-parser": "~1.12.0",
      "cookie-parser": "~1.3.4",
      "debug": "~2.1.1",
      "ejs": "~2.3.1",
      "express": "~4.12.0",
      "morgan": "~1.5.1",
      "serve-favicon": "~2.2.0",
      "supervisor": "^0.7.1",
      "xss": "^0.2.7"
    }
  }

yarn manifest: 
  No manifest

bower manifest: 
  No manifest

Lockfile: 
  No lockfile

Trace: 
  Error: read ETIMEDOUT
      at exports._errnoException (util.js:873:11)
      at TLSWrap.onread (net.js:557:26)
